<?xml version="1.0" encoding="utf-8"?><testsuites name="pytest tests"><testsuite name="pytest" errors="0" failures="0" skipped="0" tests="17" time="12.487" timestamp="2026-04-19T13:24:32.494114+00:00" hostname="agent-env-d4e8891d-2c6d-43de-b3d1-0a3b0658a403"><testcase classname="backend.tests.test_carichi_magazzino.TestCaricoCreateValidation" name="test_post_requires_magazzino_role" time="1.947" /><testcase classname="backend.tests.test_carichi_magazzino.TestCaricoCreateValidation" name="test_post_rejects_empty_photo" time="0.134" /><testcase classname="backend.tests.test_carichi_magazzino.TestCaricoCreateValidation" name="test_post_rejects_empty_items" time="0.136" /><testcase classname="backend.tests.test_carichi_magazzino.TestCaricoCreateValidation" name="test_post_rejects_all_zero_qty" time="0.116" /><testcase classname="backend.tests.test_carichi_magazzino.TestCaricoCreateValidation" name="test_post_rejects_missing_supplier" time="0.134" /><testcase classname="backend.tests.test_carichi_magazzino.TestCaricoCreateSuccess" name="test_create_increments_stock_and_returns_photo_url" time="0.582" /><testcase classname="backend.tests.test_carichi_magazzino.TestCaricoGet" name="test_list_requires_role" time="0.152" /><testcase classname="backend.tests.test_carichi_magazzino.TestCaricoGet" name="test_list_and_filter_by_supplier" time="1.035" /><testcase classname="backend.tests.test_carichi_magazzino.TestCaricoUpdate" name="test_edit_qty_applies_delta_not_full_readd" time="0.957" /><testcase classname="backend.tests.test_carichi_magazzino.TestCaricoUpdate" name="test_edit_remove_item_rolls_back" time="1.282" /><testcase classname="backend.tests.test_carichi_magazzino.TestCaricoUpdate" name="test_edit_add_new_item_increments" time="0.965" /><testcase classname="backend.tests.test_carichi_magazzino.TestCaricoUpdate" name="test_edit_photo_replaces_file" time="0.389" /><testcase classname="backend.tests.test_carichi_magazzino.TestCaricoUpdate" name="test_edit_ddt_only_no_stock_change" time="0.784" /><testcase classname="backend.tests.test_carichi_magazzino.TestCaricoDelete" name="test_delete_rolls_back_all_stock" time="1.093" /><testcase classname="backend.tests.test_carichi_magazzino.TestCaricoDelete" name="test_delete_requires_role" time="0.372" /><testcase classname="backend.tests.test_carichi_magazzino.TestCaricoConcurrency" name="test_concurrent_posts_sum_correctly" time="1.568" /><testcase classname="backend.tests.test_carichi_magazzino.TestCaricoRealQuantity" name="test_real_quantity_reflects_carico_increase" time="0.734" /></testsuite></testsuites>