<?xml version="1.0" encoding="utf-8"?><testsuites name="pytest tests"><testsuite name="pytest" errors="0" failures="0" skipped="0" tests="14" time="21.948" timestamp="2026-03-26T09:13:02.956727+00:00" hostname="agent-env-0f9a3d1e-b6a5-4e3f-9f47-45fa6bf4360f"><testcase classname="backend.tests.test_critical_features.TestAllAccountsLogin" name="test_login_all_accounts[account0]" time="2.023" /><testcase classname="backend.tests.test_critical_features.TestAllAccountsLogin" name="test_login_all_accounts[account1]" time="0.946" /><testcase classname="backend.tests.test_critical_features.TestAllAccountsLogin" name="test_login_all_accounts[account2]" time="1.490" /><testcase classname="backend.tests.test_critical_features.TestAllAccountsLogin" name="test_login_all_accounts[account3]" time="0.749" /><testcase classname="backend.tests.test_critical_features.TestCriticalHideFromGenerale" name="test_hide_from_generale_order_still_exists" time="1.580" /><testcase classname="backend.tests.test_critical_features.TestCriticalHideFromGenerale" name="test_hide_from_generale_sets_monitor_visible_false" time="1.392" /><testcase classname="backend.tests.test_critical_features.TestCriticalHideFromGenerale" name="test_hide_from_generale_freezes_timer" time="3.267" /><testcase classname="backend.tests.test_critical_features.TestCriticalHideFromGenerale" name="test_real_delete_from_cassa_removes_order" time="1.155" /><testcase classname="backend.tests.test_critical_features.TestKitchenComplete" name="test_kitchen_complete_hides_from_bollitore" time="2.113" /><testcase classname="backend.tests.test_critical_features.TestOrderNumberIncrement" name="test_order_number_increments" time="1.613" /><testcase classname="backend.tests.test_critical_features.TestDailyReport" name="test_daily_report_endpoint" time="0.749" /><testcase classname="backend.tests.test_critical_features.TestBollitoreFilters" name="test_trailing_dash_filter" time="1.014" /><testcase classname="backend.tests.test_critical_features.TestTimerOperations" name="test_timer_full_cycle" time="1.636" /><testcase classname="backend.tests.test_critical_features.TestMonitorToggle" name="test_monitor_toggle" time="1.710" /></testsuite></testsuites>