<?xml version="1.0" encoding="utf-8"?><testsuites name="pytest tests"><testsuite name="pytest" errors="0" failures="0" skipped="0" tests="7" time="4.383" timestamp="2026-05-28T08:59:17.142568+00:00" hostname="agent-env-d4e8891d-2c6d-43de-b3d1-0a3b0658a403"><testcase classname="backend.tests.test_multi_tenancy.TestCashDailyMultiTenancy" name="test_admin_put_flaminio_then_grazie_isolation" time="2.329" /><testcase classname="backend.tests.test_multi_tenancy.TestCashDailyMultiTenancy" name="test_non_admin_cannot_impersonate" time="0.413" /><testcase classname="backend.tests.test_multi_tenancy.TestCashDailyMultiTenancy" name="test_prev_cash_sera_carry_over" time="0.142" /><testcase classname="backend.tests.test_multi_tenancy.TestBeveragesDailyMultiTenancy" name="test_admin_put_isolation" time="0.582" /><testcase classname="backend.tests.test_multi_tenancy.TestBeveragesDailyMultiTenancy" name="test_history_isolated_by_restaurant" time="0.355" /><testcase classname="backend.tests.test_multi_tenancy.TestClosures" name="test_closures_admin_only" time="0.125" /><testcase classname="backend.tests.test_multi_tenancy.TestClosures" name="test_closures_admin_ok" time="0.268" /></testsuite></testsuites>