<?xml version="1.0" encoding="utf-8"?><testsuites name="pytest tests"><testsuite name="pytest" errors="0" failures="0" skipped="0" tests="13" time="79.610" timestamp="2026-04-26T13:04:36.923303+00:00" hostname="agent-env-d4e8891d-2c6d-43de-b3d1-0a3b0658a403"><testcase classname="tests.test_order_counter_atomic_p0.TestAtomicCounter" name="test_post_without_order_number_increments_by_one" time="1.954" /><testcase classname="tests.test_order_counter_atomic_p0.TestAtomicCounter" name="test_post_with_higher_order_number_jumps_counter" time="1.416" /><testcase classname="tests.test_order_counter_atomic_p0.TestAtomicCounter" name="test_post_with_lower_order_number_uses_counter_plus_one" time="3.808" /><testcase classname="tests.test_order_counter_atomic_p0.TestAtomicCounter" name="test_post_with_equal_order_number_increments" time="2.282" /><testcase classname="tests.test_order_counter_atomic_p0.TestConcurrency" name="test_10_parallel_posts_all_unique" time="3.207" /><testcase classname="tests.test_order_counter_atomic_p0.TestConcurrency" name="test_10_parallel_posts_same_explicit_number_all_unique" time="3.294" /><testcase classname="tests.test_order_counter_atomic_p0.TestNextNumberEndpoint" name="test_next_number_initial" time="0.506" /><testcase classname="tests.test_order_counter_atomic_p0.TestNextNumberEndpoint" name="test_next_number_after_creates" time="1.511" /><testcase classname="tests.test_order_counter_atomic_p0.TestNextNumberEndpoint" name="test_next_number_unauthenticated" time="0.511" /><testcase classname="tests.test_order_counter_atomic_p0.TestUniqueIndex" name="test_unique_index_exists" time="0.321" /><testcase classname="tests.test_order_counter_atomic_p0.TestUniqueIndex" name="test_direct_duplicate_insert_raises" time="30.780" /><testcase classname="tests.test_order_counter_atomic_p0.TestRegressionDeleteAndDefault" name="test_delete_does_not_lower_counter" time="28.592" /><testcase classname="tests.test_order_counter_atomic_p0.TestRegressionDeleteAndDefault" name="test_get_orders_default_pending" time="1.276" /></testsuite></testsuites>