<?xml version="1.0" encoding="utf-8"?><testsuites name="pytest tests"><testsuite name="pytest" errors="0" failures="0" skipped="0" tests="9" time="21.363" timestamp="2026-04-25T14:54:17.766790+00:00" hostname="agent-env-d4e8891d-2c6d-43de-b3d1-0a3b0658a403"><testcase classname="tests.test_order_counter_p0.TestRegression" name="test_post_order_increments_counter" time="2.418" /><testcase classname="tests.test_order_counter_p0.TestRegression" name="test_get_orders_default_pending" time="1.539" /><testcase classname="tests.test_order_counter_p0.TestCounterNeverDecrements" name="test_single_delete_keeps_counter" time="2.396" /><testcase classname="tests.test_order_counter_p0.TestCounterNeverDecrements" name="test_multiple_consecutive_deletes_keep_counter" time="5.120" /><testcase classname="tests.test_order_counter_p0.TestCounterNeverDecrements" name="test_create_after_delete_uses_next_number" time="2.847" /><testcase classname="tests.test_order_counter_p0.TestCounterNeverDecrements" name="test_delete_all_then_create_continues" time="2.233" /><testcase classname="tests.test_order_counter_p0.TestCounterNeverDecrements" name="test_archived_today_counted_in_max" time="1.019" /><testcase classname="tests.test_order_counter_p0.TestSchedulers" name="test_midnight_reset_atomic" time="2.590" /><testcase classname="tests.test_order_counter_p0.TestSchedulers" name="test_recover_stale_orders_archives_yesterday" time="0.891" /></testsuite></testsuites>