<?xml version="1.0" encoding="utf-8"?><testsuites name="pytest tests"><testsuite name="pytest" errors="0" failures="0" skipped="0" tests="9" time="25.845" timestamp="2026-04-26T13:06:04.906985+00:00" hostname="agent-env-d4e8891d-2c6d-43de-b3d1-0a3b0658a403"><testcase classname="tests.test_order_counter_p0.TestRegression" name="test_post_order_increments_counter" time="2.825" /><testcase classname="tests.test_order_counter_p0.TestRegression" name="test_get_orders_default_pending" time="1.893" /><testcase classname="tests.test_order_counter_p0.TestCounterNeverDecrements" name="test_single_delete_keeps_counter" time="3.122" /><testcase classname="tests.test_order_counter_p0.TestCounterNeverDecrements" name="test_multiple_consecutive_deletes_keep_counter" time="5.633" /><testcase classname="tests.test_order_counter_p0.TestCounterNeverDecrements" name="test_create_after_delete_uses_next_number" time="4.070" /><testcase classname="tests.test_order_counter_p0.TestCounterNeverDecrements" name="test_delete_all_then_create_continues" time="2.681" /><testcase classname="tests.test_order_counter_p0.TestCounterNeverDecrements" name="test_archived_today_counted_in_max" time="1.535" /><testcase classname="tests.test_order_counter_p0.TestSchedulers" name="test_midnight_reset_atomic" time="2.709" /><testcase classname="tests.test_order_counter_p0.TestSchedulers" name="test_recover_stale_orders_archives_yesterday" time="0.973" /></testsuite></testsuites>