<?xml version="1.0" encoding="utf-8"?><testsuites name="pytest tests"><testsuite name="pytest" errors="0" failures="0" skipped="0" tests="11" time="32.155" timestamp="2026-03-15T15:19:38.166988+00:00" hostname="agent-env-b1280a4f-e2e6-469f-92fc-ae1355a5ca08"><testcase classname="backend.tests.test_auth_orders.TestAuthentication" name="test_login_success" time="2.765" /><testcase classname="backend.tests.test_auth_orders.TestAuthentication" name="test_login_invalid_credentials" time="3.371" /><testcase classname="backend.tests.test_auth_orders.TestAuthentication" name="test_auth_me_with_token" time="2.095" /><testcase classname="backend.tests.test_auth_orders.TestAuthentication" name="test_auth_me_without_token" time="0.381" /><testcase classname="backend.tests.test_auth_orders.TestOrdersCRUD" name="test_create_order" time="2.258" /><testcase classname="backend.tests.test_auth_orders.TestOrdersCRUD" name="test_get_orders" time="2.119" /><testcase classname="backend.tests.test_auth_orders.TestOrdersCRUD" name="test_create_and_delete_order" time="4.567" /><testcase classname="backend.tests.test_auth_orders.TestOrdersCRUD" name="test_update_order" time="3.019" /><testcase classname="backend.tests.test_auth_orders.TestOrdersCRUD" name="test_complete_order" time="3.627" /><testcase classname="backend.tests.test_auth_orders.TestTimerOperations" name="test_timer_start_pause_reset" time="5.554" /><testcase classname="backend.tests.test_auth_orders.TestWebSocketEndpoint" name="test_websocket_endpoint_exists" time="0.001" /></testsuite></testsuites>