<?xml version="1.0" encoding="utf-8"?><testsuites name="pytest tests"><testsuite name="pytest" errors="0" failures="0" skipped="0" tests="25" time="7.592" timestamp="2026-04-19T12:24:46.111361+00:00" hostname="agent-env-d4e8891d-2c6d-43de-b3d1-0a3b0658a403"><testcase classname="backend.tests.test_richieste_merce.TestWarehouseProducts" name="test_get_warehouse_products_has_quantity_and_real_quantity" time="2.368" /><testcase classname="backend.tests.test_richieste_merce.TestWarehouseProducts" name="test_patch_product_quantity_forbidden_for_locale" time="0.267" /><testcase classname="backend.tests.test_richieste_merce.TestWarehouseProducts" name="test_patch_product_quantity_ok_for_magazziniere" time="0.396" /><testcase classname="backend.tests.test_richieste_merce.TestRichiesteCRUD" name="test_magazziniere_cannot_create" time="0.255" /><testcase classname="backend.tests.test_richieste_merce.TestRichiesteCRUD" name="test_create_richiesta_flaminio" time="0.355" /><testcase classname="backend.tests.test_richieste_merce.TestRichiesteCRUD" name="test_ddt_autoincrement" time="0.259" /><testcase classname="backend.tests.test_richieste_merce.TestRichiesteCRUD" name="test_create_empty_items_400" time="0.126" /><testcase classname="backend.tests.test_richieste_merce.TestRichiesteCRUD" name="test_list_own_richieste_only" time="0.126" /><testcase classname="backend.tests.test_richieste_merce.TestRichiesteCRUD" name="test_pending_all_magazziniere" time="0.187" /><testcase classname="backend.tests.test_richieste_merce.TestRichiesteCRUD" name="test_pending_all_locale_forbidden" time="0.130" /><testcase classname="backend.tests.test_richieste_merce.TestRichiesteCRUD" name="test_history_all_locale_forbidden" time="0.113" /><testcase classname="backend.tests.test_richieste_merce.TestRichiesteCRUD" name="test_history_all_magazziniere_ok" time="0.152" /><testcase classname="backend.tests.test_richieste_merce.TestRichiesteCRUD" name="test_get_single_richiesta_scoped" time="0.380" /><testcase classname="backend.tests.test_richieste_merce.TestRichiesteCRUD" name="test_real_quantity_reflects_pending_sum" time="0.202" /><testcase classname="backend.tests.test_richieste_merce.TestRichiesteCRUD" name="test_evade_forbidden_for_locale" time="0.122" /><testcase classname="backend.tests.test_richieste_merce.TestRichiesteCRUD" name="test_evade_decrements_stock" time="0.389" /><testcase classname="backend.tests.test_richieste_merce.TestRichiesteCRUD" name="test_evade_twice_400" time="0.127" /><testcase classname="backend.tests.test_richieste_merce.TestRichiesteCRUD" name="test_conferma_magazziniere_forbidden" time="0.117" /><testcase classname="backend.tests.test_richieste_merce.TestRichiesteCRUD" name="test_conferma_wrong_locale_forbidden" time="0.160" /><testcase classname="backend.tests.test_richieste_merce.TestRichiesteCRUD" name="test_conferma_ok" time="0.130" /><testcase classname="backend.tests.test_richieste_merce.TestRichiesteCRUD" name="test_conferma_must_be_evasa_first" time="0.131" /><testcase classname="backend.tests.test_richieste_merce.TestRichiesteCRUD" name="test_delete_magazziniere_forbidden" time="0.142" /><testcase classname="backend.tests.test_richieste_merce.TestRichiesteCRUD" name="test_delete_wrong_locale_forbidden" time="0.117" /><testcase classname="backend.tests.test_richieste_merce.TestRichiesteCRUD" name="test_delete_own_pending_ok" time="0.241" /><testcase classname="backend.tests.test_richieste_merce.TestAdminImpersonation" name="test_admin_can_create_richiesta_as_locale" time="0.482" /></testsuite></testsuites>